13:05:51,464 DEBUG StandardEnvironment:112 - Initializing new StandardEnvironment
13:05:51,473 DEBUG StandardEnvironment:107 - Adding [systemProperties] PropertySource with lowest search precedence
13:05:51,476 DEBUG StandardEnvironment:107 - Adding [systemEnvironment] PropertySource with lowest search precedence
13:05:51,477 DEBUG StandardEnvironment:116 - Initialized StandardEnvironment with PropertySources [systemProperties,systemEnvironment]
13:05:51,501  INFO ClassPathXmlApplicationContext:510 - Refreshing org.springframework.context.support.ClassPathXmlApplicationContext@bfc8e0: startup date [Thu Feb 06 13:05:51 IST 2014]; root of context hierarchy
13:05:51,557 DEBUG StandardEnvironment:112 - Initializing new StandardEnvironment
13:05:51,557 DEBUG StandardEnvironment:107 - Adding [systemProperties] PropertySource with lowest search precedence
13:05:51,557 DEBUG StandardEnvironment:107 - Adding [systemEnvironment] PropertySource with lowest search precedence
13:05:51,558 DEBUG StandardEnvironment:116 - Initialized StandardEnvironment with PropertySources [systemProperties,systemEnvironment]
13:05:51,559 DEBUG StandardEnvironment:112 - Initializing new StandardEnvironment
13:05:51,559 DEBUG StandardEnvironment:107 - Adding [systemProperties] PropertySource with lowest search precedence
13:05:51,559 DEBUG StandardEnvironment:107 - Adding [systemEnvironment] PropertySource with lowest search precedence
13:05:51,559 DEBUG StandardEnvironment:116 - Initialized StandardEnvironment with PropertySources [systemProperties,systemEnvironment]
13:05:51,574  INFO XmlBeanDefinitionReader:315 - Loading XML bean definitions from URL [file:/home/shoaib/Documents/myprograms/someprograms/target/classes/annotationapproach/autowiring.xml]
13:05:51,609 DEBUG DefaultDocumentLoader:72 - Using JAXP provider [com.sun.org.apache.xerces.internal.jaxp.DocumentBuilderFactoryImpl]
13:05:51,709 DEBUG PluggableSchemaResolver:140 - Loading schema mappings from [META-INF/spring.schemas]
13:05:51,722 DEBUG PluggableSchemaResolver:146 - Loaded schema mappings: {http://www.springframework.org/schema/util/spring-util.xsd=org/springframework/beans/factory/xml/spring-util-3.2.xsd, http://www.springframework.org/schema/jee/spring-jee-3.2.xsd=org/springframework/ejb/config/spring-jee-3.2.xsd, http://www.springframework.org/schema/beans/spring-beans-3.1.xsd=org/springframework/beans/factory/xml/spring-beans-3.1.xsd, http://www.springframework.org/schema/task/spring-task.xsd=org/springframework/scheduling/config/spring-task-3.2.xsd, http://www.springframework.org/schema/cache/spring-cache.xsd=org/springframework/cache/config/spring-cache-3.2.xsd, http://www.springframework.org/schema/aop/spring-aop-3.0.xsd=org/springframework/aop/config/spring-aop-3.0.xsd, http://www.springframework.org/schema/task/spring-task-3.1.xsd=org/springframework/scheduling/config/spring-task-3.1.xsd, http://www.springframework.org/schema/aop/spring-aop-2.0.xsd=org/springframework/aop/config/spring-aop-2.0.xsd, http://www.springframework.org/schema/tool/spring-tool-2.5.xsd=org/springframework/beans/factory/xml/spring-tool-2.5.xsd, http://www.springframework.org/schema/beans/spring-beans.xsd=org/springframework/beans/factory/xml/spring-beans-3.2.xsd, http://www.springframework.org/schema/jee/spring-jee-2.5.xsd=org/springframework/ejb/config/spring-jee-2.5.xsd, http://www.springframework.org/schema/tool/spring-tool-3.1.xsd=org/springframework/beans/factory/xml/spring-tool-3.1.xsd, http://www.springframework.org/schema/jee/spring-jee-3.1.xsd=org/springframework/ejb/config/spring-jee-3.1.xsd, http://www.springframework.org/schema/aop/spring-aop.xsd=org/springframework/aop/config/spring-aop-3.2.xsd, http://www.springframework.org/schema/context/spring-context-3.2.xsd=org/springframework/context/config/spring-context-3.2.xsd, http://www.springframework.org/schema/util/spring-util-3.2.xsd=org/springframework/beans/factory/xml/spring-util-3.2.xsd, http://www.springframework.org/schema/beans/spring-beans-2.0.xsd=org/springframework/beans/factory/xml/spring-beans-2.0.xsd, http://www.springframework.org/schema/lang/spring-lang-3.2.xsd=org/springframework/scripting/config/spring-lang-3.2.xsd, http://www.springframework.org/schema/beans/spring-beans-3.0.xsd=org/springframework/beans/factory/xml/spring-beans-3.0.xsd, http://www.springframework.org/schema/cache/spring-cache-3.2.xsd=org/springframework/cache/config/spring-cache-3.2.xsd, http://www.springframework.org/schema/task/spring-task-3.0.xsd=org/springframework/scheduling/config/spring-task-3.0.xsd, http://www.springframework.org/schema/context/spring-context-2.5.xsd=org/springframework/context/config/spring-context-2.5.xsd, http://www.springframework.org/schema/tool/spring-tool-3.0.xsd=org/springframework/beans/factory/xml/spring-tool-3.0.xsd, http://www.springframework.org/schema/util/spring-util-2.5.xsd=org/springframework/beans/factory/xml/spring-util-2.5.xsd, http://www.springframework.org/schema/tool/spring-tool-2.0.xsd=org/springframework/beans/factory/xml/spring-tool-2.0.xsd, http://www.springframework.org/schema/lang/spring-lang.xsd=org/springframework/scripting/config/spring-lang-3.2.xsd, http://www.springframework.org/schema/lang/spring-lang-2.5.xsd=org/springframework/scripting/config/spring-lang-2.5.xsd, http://www.springframework.org/schema/aop/spring-aop-3.2.xsd=org/springframework/aop/config/spring-aop-3.2.xsd, http://www.springframework.org/schema/jee/spring-jee-3.0.xsd=org/springframework/ejb/config/spring-jee-3.0.xsd, http://www.springframework.org/schema/jee/spring-jee-2.0.xsd=org/springframework/ejb/config/spring-jee-2.0.xsd, http://www.springframework.org/schema/context/spring-context-3.1.xsd=org/springframework/context/config/spring-context-3.1.xsd, http://www.springframework.org/schema/util/spring-util-3.1.xsd=org/springframework/beans/factory/xml/spring-util-3.1.xsd, http://www.springframework.org/schema/lang/spring-lang-3.1.xsd=org/springframework/scripting/config/spring-lang-3.1.xsd, http://www.springframework.org/schema/cache/spring-cache-3.1.xsd=org/springframework/cache/config/spring-cache-3.1.xsd, http://www.springframework.org/schema/context/spring-context.xsd=org/springframework/context/config/spring-context-3.2.xsd, http://www.springframework.org/schema/jee/spring-jee.xsd=org/springframework/ejb/config/spring-jee-3.2.xsd, http://www.springframework.org/schema/aop/spring-aop-2.5.xsd=org/springframework/aop/config/spring-aop-2.5.xsd, http://www.springframework.org/schema/beans/spring-beans-3.2.xsd=org/springframework/beans/factory/xml/spring-beans-3.2.xsd, http://www.springframework.org/schema/aop/spring-aop-3.1.xsd=org/springframework/aop/config/spring-aop-3.1.xsd, http://www.springframework.org/schema/task/spring-task-3.2.xsd=org/springframework/scheduling/config/spring-task-3.2.xsd, http://www.springframework.org/schema/context/spring-context-3.0.xsd=org/springframework/context/config/spring-context-3.0.xsd, http://www.springframework.org/schema/tool/spring-tool.xsd=org/springframework/beans/factory/xml/spring-tool-3.2.xsd, http://www.springframework.org/schema/util/spring-util-3.0.xsd=org/springframework/beans/factory/xml/spring-util-3.0.xsd, http://www.springframework.org/schema/util/spring-util-2.0.xsd=org/springframework/beans/factory/xml/spring-util-2.0.xsd, http://www.springframework.org/schema/lang/spring-lang-3.0.xsd=org/springframework/scripting/config/spring-lang-3.0.xsd, http://www.springframework.org/schema/lang/spring-lang-2.0.xsd=org/springframework/scripting/config/spring-lang-2.0.xsd, http://www.springframework.org/schema/tool/spring-tool-3.2.xsd=org/springframework/beans/factory/xml/spring-tool-3.2.xsd, http://www.springframework.org/schema/beans/spring-beans-2.5.xsd=org/springframework/beans/factory/xml/spring-beans-2.5.xsd}
13:05:51,725 DEBUG PluggableSchemaResolver:118 - Found XML schema [http://www.springframework.org/schema/beans/spring-beans.xsd] in classpath: org/springframework/beans/factory/xml/spring-beans-3.2.xsd
13:05:51,884 DEBUG PluggableSchemaResolver:118 - Found XML schema [http://www.springframework.org/schema/context/spring-context.xsd] in classpath: org/springframework/context/config/spring-context-3.2.xsd
13:05:51,930 DEBUG PluggableSchemaResolver:118 - Found XML schema [http://www.springframework.org/schema/tool/spring-tool-3.2.xsd] in classpath: org/springframework/beans/factory/xml/spring-tool-3.2.xsd
13:05:51,979 DEBUG DefaultBeanDefinitionDocumentReader:108 - Loading bean definitions
13:05:52,020 DEBUG DefaultNamespaceHandlerResolver:156 - Loaded NamespaceHandler mappings: {http://www.springframework.org/schema/p=org.springframework.beans.factory.xml.SimplePropertyNamespaceHandler, http://www.springframework.org/schema/util=org.springframework.beans.factory.xml.UtilNamespaceHandler, http://www.springframework.org/schema/jee=org.springframework.ejb.config.JeeNamespaceHandler, http://www.springframework.org/schema/aop=org.springframework.aop.config.AopNamespaceHandler, http://www.springframework.org/schema/cache=org.springframework.cache.config.CacheNamespaceHandler, http://www.springframework.org/schema/c=org.springframework.beans.factory.xml.SimpleConstructorNamespaceHandler, http://www.springframework.org/schema/task=org.springframework.scheduling.config.TaskNamespaceHandler, http://www.springframework.org/schema/lang=org.springframework.scripting.config.LangNamespaceHandler, http://www.springframework.org/schema/context=org.springframework.context.config.ContextNamespaceHandler}
13:05:52,064 DEBUG StandardEnvironment:112 - Initializing new StandardEnvironment
13:05:52,064 DEBUG StandardEnvironment:107 - Adding [systemProperties] PropertySource with lowest search precedence
13:05:52,064 DEBUG StandardEnvironment:107 - Adding [systemEnvironment] PropertySource with lowest search precedence
13:05:52,065 DEBUG StandardEnvironment:116 - Initialized StandardEnvironment with PropertySources [systemProperties,systemEnvironment]
13:05:52,091 DEBUG PathMatchingResourcePatternResolver:550 - Looking for matching resources in directory tree [/home/shoaib/Documents/myprograms/someprograms/target/classes/com/semanticbits/shoaib/annotationapproach]
13:05:52,091 DEBUG PathMatchingResourcePatternResolver:612 - Searching directory [/home/shoaib/Documents/myprograms/someprograms/target/classes/com/semanticbits/shoaib/annotationapproach] for files matching pattern [/home/shoaib/Documents/myprograms/someprograms/target/classes/com/semanticbits/shoaib/annotationapproach/*/**/*.class]
13:05:52,094 DEBUG PathMatchingResourcePatternResolver:612 - Searching directory [/home/shoaib/Documents/myprograms/someprograms/target/classes/com/semanticbits/shoaib/annotationapproach/autowiring] for files matching pattern [/home/shoaib/Documents/myprograms/someprograms/target/classes/com/semanticbits/shoaib/annotationapproach/*/**/*.class]
13:05:52,098 DEBUG PathMatchingResourcePatternResolver:351 - Resolved location pattern [classpath*:com/semanticbits/shoaib/annotationapproach/*/**/*.class] to resources [file [/home/shoaib/Documents/myprograms/someprograms/target/classes/com/semanticbits/shoaib/annotationapproach/autowiring/FirstYearSubject.class], file [/home/shoaib/Documents/myprograms/someprograms/target/classes/com/semanticbits/shoaib/annotationapproach/autowiring/Address.class], file [/home/shoaib/Documents/myprograms/someprograms/target/classes/com/semanticbits/shoaib/annotationapproach/autowiring/SecondYearSubject.class], file [/home/shoaib/Documents/myprograms/someprograms/target/classes/com/semanticbits/shoaib/annotationapproach/autowiring/Student.class], file [/home/shoaib/Documents/myprograms/someprograms/target/classes/com/semanticbits/shoaib/annotationapproach/autowiring/Subject.class], file [/home/shoaib/Documents/myprograms/someprograms/target/classes/com/semanticbits/shoaib/annotationapproach/autowiring/FinalYearSubject.class], file [/home/shoaib/Documents/myprograms/someprograms/target/classes/com/semanticbits/shoaib/annotationapproach/autowiring/CommonYearSubjectFactory.class], file [/home/shoaib/Documents/myprograms/someprograms/target/classes/com/semanticbits/shoaib/annotationapproach/autowiring/ThirdYearSubject.class], file [/home/shoaib/Documents/myprograms/someprograms/target/classes/com/semanticbits/shoaib/annotationapproach/autowiring/CommonYearSubject.class]]
13:05:52,194 DEBUG ClassPathBeanDefinitionScanner:264 - Identified candidate component class: file [/home/shoaib/Documents/myprograms/someprograms/target/classes/com/semanticbits/shoaib/annotationapproach/autowiring/FirstYearSubject.class]
13:05:52,195 DEBUG ClassPathBeanDefinitionScanner:264 - Identified candidate component class: file [/home/shoaib/Documents/myprograms/someprograms/target/classes/com/semanticbits/shoaib/annotationapproach/autowiring/Address.class]
13:05:52,196 DEBUG ClassPathBeanDefinitionScanner:264 - Identified candidate component class: file [/home/shoaib/Documents/myprograms/someprograms/target/classes/com/semanticbits/shoaib/annotationapproach/autowiring/SecondYearSubject.class]
13:05:52,198 DEBUG ClassPathBeanDefinitionScanner:264 - Identified candidate component class: file [/home/shoaib/Documents/myprograms/someprograms/target/classes/com/semanticbits/shoaib/annotationapproach/autowiring/Student.class]
13:05:52,199 DEBUG ClassPathBeanDefinitionScanner:264 - Identified candidate component class: file [/home/shoaib/Documents/myprograms/someprograms/target/classes/com/semanticbits/shoaib/annotationapproach/autowiring/FinalYearSubject.class]
13:05:52,204 DEBUG ClassPathBeanDefinitionScanner:264 - Identified candidate component class: file [/home/shoaib/Documents/myprograms/someprograms/target/classes/com/semanticbits/shoaib/annotationapproach/autowiring/CommonYearSubjectFactory.class]
13:05:52,204 DEBUG ClassPathBeanDefinitionScanner:264 - Identified candidate component class: file [/home/shoaib/Documents/myprograms/someprograms/target/classes/com/semanticbits/shoaib/annotationapproach/autowiring/ThirdYearSubject.class]
13:05:52,238  INFO DefaultListableBeanFactory:644 - Overriding bean definition for bean 'student': replacing [Generic bean: class [com.semanticbits.shoaib.annotationapproach.autowiring.Student]; scope=singleton; abstract=false; lazyInit=false; autowireMode=0; dependencyCheck=0; autowireCandidate=true; primary=false; factoryBeanName=null; factoryMethodName=null; initMethodName=null; destroyMethodName=null; defined in file [/home/shoaib/Documents/myprograms/someprograms/target/classes/com/semanticbits/shoaib/annotationapproach/autowiring/Student.class]] with [Generic bean: class [com.semanticbits.shoaib.annotationapproach.autowiring.Student]; scope=; abstract=false; lazyInit=false; autowireMode=0; dependencyCheck=0; autowireCandidate=true; primary=false; factoryBeanName=null; factoryMethodName=null; initMethodName=null; destroyMethodName=null; defined in URL [file:/home/shoaib/Documents/myprograms/someprograms/target/classes/annotationapproach/autowiring.xml]]
13:05:52,239 DEBUG XmlBeanDefinitionReader:216 - Loaded 11 bean definitions from location pattern [classpath*:annotationapproach/autowiring.xml]
13:05:52,239 DEBUG ClassPathXmlApplicationContext:540 - Bean factory for org.springframework.context.support.ClassPathXmlApplicationContext@bfc8e0: org.springframework.beans.factory.support.DefaultListableBeanFactory@81b1fb: defining beans [firstYearSubject,address,secondYearSubject,student,finalYearSubject,commonYearSubjectFactory,thirdYearSubject,org.springframework.context.annotation.internalConfigurationAnnotationProcessor,org.springframework.context.annotation.internalAutowiredAnnotationProcessor,org.springframework.context.annotation.internalRequiredAnnotationProcessor,org.springframework.context.annotation.internalCommonAnnotationProcessor]; root of factory hierarchy
13:05:52,260 DEBUG DefaultListableBeanFactory:215 - Creating shared instance of singleton bean 'org.springframework.context.annotation.internalConfigurationAnnotationProcessor'
13:05:52,261 DEBUG DefaultListableBeanFactory:435 - Creating instance of bean 'org.springframework.context.annotation.internalConfigurationAnnotationProcessor'
13:05:52,297 DEBUG DefaultListableBeanFactory:509 - Eagerly caching bean 'org.springframework.context.annotation.internalConfigurationAnnotationProcessor' to allow for resolving potential circular references
13:05:52,300 DEBUG DefaultListableBeanFactory:463 - Finished creating instance of bean 'org.springframework.context.annotation.internalConfigurationAnnotationProcessor'
13:05:52,350 DEBUG ConfigurationClassBeanDefinitionReader:263 - Registering bean definition for @Bean method com.semanticbits.shoaib.annotationapproach.autowiring.CommonYearSubjectFactory.getCommonYearSubjectFactory()
13:05:52,359 DEBUG GenericTypeResolver:151 - Resolving return type for [public com.semanticbits.shoaib.annotationapproach.autowiring.Subject com.semanticbits.shoaib.annotationapproach.autowiring.CommonYearSubjectFactory.getCommonYearSubjectFactory()] with concrete method arguments [{}].
13:05:52,360 DEBUG GenericTypeResolver:151 - Resolving return type for [public com.semanticbits.shoaib.annotationapproach.autowiring.Subject com.semanticbits.shoaib.annotationapproach.autowiring.CommonYearSubjectFactory.getCommonYearSubjectFactory()] with concrete method arguments [{}].
13:05:52,362 DEBUG GenericTypeResolver:151 - Resolving return type for [public com.semanticbits.shoaib.annotationapproach.autowiring.Subject com.semanticbits.shoaib.annotationapproach.autowiring.CommonYearSubjectFactory.getCommonYearSubjectFactory()] with concrete method arguments [{}].
13:05:52,362 DEBUG GenericTypeResolver:151 - Resolving return type for [public com.semanticbits.shoaib.annotationapproach.autowiring.Subject com.semanticbits.shoaib.annotationapproach.autowiring.CommonYearSubjectFactory.getCommonYearSubjectFactory()] with concrete method arguments [{}].
13:05:52,363 DEBUG DefaultListableBeanFactory:215 - Creating shared instance of singleton bean 'org.springframework.context.annotation.internalAutowiredAnnotationProcessor'
13:05:52,364 DEBUG DefaultListableBeanFactory:435 - Creating instance of bean 'org.springframework.context.annotation.internalAutowiredAnnotationProcessor'
13:05:52,364 DEBUG DefaultListableBeanFactory:509 - Eagerly caching bean 'org.springframework.context.annotation.internalAutowiredAnnotationProcessor' to allow for resolving potential circular references
13:05:52,365 DEBUG DefaultListableBeanFactory:463 - Finished creating instance of bean 'org.springframework.context.annotation.internalAutowiredAnnotationProcessor'
13:05:52,365 DEBUG DefaultListableBeanFactory:215 - Creating shared instance of singleton bean 'org.springframework.context.annotation.internalRequiredAnnotationProcessor'
13:05:52,365 DEBUG DefaultListableBeanFactory:435 - Creating instance of bean 'org.springframework.context.annotation.internalRequiredAnnotationProcessor'
13:05:52,366 DEBUG DefaultListableBeanFactory:509 - Eagerly caching bean 'org.springframework.context.annotation.internalRequiredAnnotationProcessor' to allow for resolving potential circular references
13:05:52,366 DEBUG DefaultListableBeanFactory:463 - Finished creating instance of bean 'org.springframework.context.annotation.internalRequiredAnnotationProcessor'
13:05:52,367 DEBUG DefaultListableBeanFactory:215 - Creating shared instance of singleton bean 'org.springframework.context.annotation.internalCommonAnnotationProcessor'
13:05:52,369 DEBUG DefaultListableBeanFactory:435 - Creating instance of bean 'org.springframework.context.annotation.internalCommonAnnotationProcessor'
13:05:52,395 DEBUG DefaultListableBeanFactory:509 - Eagerly caching bean 'org.springframework.context.annotation.internalCommonAnnotationProcessor' to allow for resolving potential circular references
13:05:52,395 DEBUG DefaultListableBeanFactory:463 - Finished creating instance of bean 'org.springframework.context.annotation.internalCommonAnnotationProcessor'
13:05:52,395 DEBUG DefaultListableBeanFactory:215 - Creating shared instance of singleton bean 'org.springframework.context.annotation.ConfigurationClassPostProcessor.importAwareProcessor'
13:05:52,398 DEBUG DefaultListableBeanFactory:435 - Creating instance of bean 'org.springframework.context.annotation.ConfigurationClassPostProcessor.importAwareProcessor'
13:05:52,398 DEBUG DefaultListableBeanFactory:509 - Eagerly caching bean 'org.springframework.context.annotation.ConfigurationClassPostProcessor.importAwareProcessor' to allow for resolving potential circular references
13:05:52,398 DEBUG DefaultListableBeanFactory:463 - Finished creating instance of bean 'org.springframework.context.annotation.ConfigurationClassPostProcessor.importAwareProcessor'
13:05:52,405 DEBUG ClassPathXmlApplicationContext:807 - Unable to locate MessageSource with name 'messageSource': using default [org.springframework.context.support.DelegatingMessageSource@1ac3379]
13:05:52,411 DEBUG ClassPathXmlApplicationContext:831 - Unable to locate ApplicationEventMulticaster with name 'applicationEventMulticaster': using default [org.springframework.context.event.SimpleApplicationEventMulticaster@659db7]
13:05:52,417 DEBUG GenericTypeResolver:151 - Resolving return type for [public com.semanticbits.shoaib.annotationapproach.autowiring.Subject com.semanticbits.shoaib.annotationapproach.autowiring.CommonYearSubjectFactory.getCommonYearSubjectFactory()] with concrete method arguments [{}].
13:05:52,419 DEBUG GenericTypeResolver:151 - Resolving return type for [public com.semanticbits.shoaib.annotationapproach.autowiring.Subject com.semanticbits.shoaib.annotationapproach.autowiring.CommonYearSubjectFactory.getCommonYearSubjectFactory()] with concrete method arguments [{}].
13:05:52,424 DEBUG GenericTypeResolver:151 - Resolving return type for [public com.semanticbits.shoaib.annotationapproach.autowiring.Subject com.semanticbits.shoaib.annotationapproach.autowiring.CommonYearSubjectFactory.getCommonYearSubjectFactory()] with concrete method arguments [{}].
13:05:52,425 DEBUG GenericTypeResolver:151 - Resolving return type for [public com.semanticbits.shoaib.annotationapproach.autowiring.Subject com.semanticbits.shoaib.annotationapproach.autowiring.CommonYearSubjectFactory.getCommonYearSubjectFactory()] with concrete method arguments [{}].
13:05:52,425 DEBUG GenericTypeResolver:151 - Resolving return type for [public com.semanticbits.shoaib.annotationapproach.autowiring.Subject com.semanticbits.shoaib.annotationapproach.autowiring.CommonYearSubjectFactory.getCommonYearSubjectFactory()] with concrete method arguments [{}].
13:05:52,426  INFO DefaultListableBeanFactory:577 - Pre-instantiating singletons in org.springframework.beans.factory.support.DefaultListableBeanFactory@81b1fb: defining beans [firstYearSubject,address,secondYearSubject,student,finalYearSubject,commonYearSubjectFactory,thirdYearSubject,org.springframework.context.annotation.internalConfigurationAnnotationProcessor,org.springframework.context.annotation.internalAutowiredAnnotationProcessor,org.springframework.context.annotation.internalRequiredAnnotationProcessor,org.springframework.context.annotation.internalCommonAnnotationProcessor,org.springframework.context.annotation.ConfigurationClassPostProcessor.importAwareProcessor,getCommonYearSubjectFactory]; root of factory hierarchy
13:05:52,426 DEBUG DefaultListableBeanFactory:215 - Creating shared instance of singleton bean 'firstYearSubject'
13:05:52,432 DEBUG DefaultListableBeanFactory:435 - Creating instance of bean 'firstYearSubject'
13:05:52,459 DEBUG InjectionMetadata:71 - Registered injected element on class [com.semanticbits.shoaib.annotationapproach.autowiring.FirstYearSubject]: AutowiredFieldElement for private java.lang.String com.semanticbits.shoaib.annotationapproach.autowiring.FirstYearSubject.subjectName
13:05:52,460 DEBUG DefaultListableBeanFactory:509 - Eagerly caching bean 'firstYearSubject' to allow for resolving potential circular references
13:05:52,490 DEBUG InjectionMetadata:85 - Processing injected method of bean 'firstYearSubject': AutowiredFieldElement for private java.lang.String com.semanticbits.shoaib.annotationapproach.autowiring.FirstYearSubject.subjectName
13:05:52,523 DEBUG DefaultListableBeanFactory:463 - Finished creating instance of bean 'firstYearSubject'
13:05:52,524 DEBUG DefaultListableBeanFactory:215 - Creating shared instance of singleton bean 'address'
13:05:52,524 DEBUG DefaultListableBeanFactory:435 - Creating instance of bean 'address'
13:05:52,524 DEBUG DefaultListableBeanFactory:509 - Eagerly caching bean 'address' to allow for resolving potential circular references
13:05:52,526 DEBUG DefaultListableBeanFactory:463 - Finished creating instance of bean 'address'
13:05:52,526 DEBUG DefaultListableBeanFactory:215 - Creating shared instance of singleton bean 'secondYearSubject'
13:05:52,526 DEBUG DefaultListableBeanFactory:435 - Creating instance of bean 'secondYearSubject'
13:05:52,528 DEBUG InjectionMetadata:71 - Registered injected element on class [com.semanticbits.shoaib.annotationapproach.autowiring.SecondYearSubject]: AutowiredFieldElement for private java.lang.String com.semanticbits.shoaib.annotationapproach.autowiring.SecondYearSubject.name
13:05:52,528 DEBUG DefaultListableBeanFactory:509 - Eagerly caching bean 'secondYearSubject' to allow for resolving potential circular references
13:05:52,530 DEBUG InjectionMetadata:85 - Processing injected method of bean 'secondYearSubject': AutowiredFieldElement for private java.lang.String com.semanticbits.shoaib.annotationapproach.autowiring.SecondYearSubject.name
13:05:52,530 DEBUG DefaultListableBeanFactory:463 - Finished creating instance of bean 'secondYearSubject'
13:05:52,532 DEBUG DefaultListableBeanFactory:215 - Creating shared instance of singleton bean 'student'
13:05:52,532 DEBUG DefaultListableBeanFactory:435 - Creating instance of bean 'student'
13:05:52,542 DEBUG InjectionMetadata:71 - Registered injected element on class [com.semanticbits.shoaib.annotationapproach.autowiring.Student]: ResourceElement for private com.semanticbits.shoaib.annotationapproach.autowiring.Subject com.semanticbits.shoaib.annotationapproach.autowiring.Student.finalYearSubject
13:05:52,545 DEBUG InjectionMetadata:71 - Registered injected element on class [com.semanticbits.shoaib.annotationapproach.autowiring.Student]: AutowiredFieldElement for private java.util.List com.semanticbits.shoaib.annotationapproach.autowiring.Student.allSubjects
13:05:52,546 DEBUG InjectionMetadata:71 - Registered injected element on class [com.semanticbits.shoaib.annotationapproach.autowiring.Student]: AutowiredFieldElement for private com.semanticbits.shoaib.annotationapproach.autowiring.Subject com.semanticbits.shoaib.annotationapproach.autowiring.Student.firstYearSubject
13:05:52,546 DEBUG InjectionMetadata:71 - Registered injected element on class [com.semanticbits.shoaib.annotationapproach.autowiring.Student]: AutowiredFieldElement for private com.semanticbits.shoaib.annotationapproach.autowiring.Subject com.semanticbits.shoaib.annotationapproach.autowiring.Student.commonYearSubject
13:05:52,546 DEBUG InjectionMetadata:71 - Registered injected element on class [com.semanticbits.shoaib.annotationapproach.autowiring.Student]: AutowiredMethodElement for public void com.semanticbits.shoaib.annotationapproach.autowiring.Student.setThirdYearSubject(com.semanticbits.shoaib.annotationapproach.autowiring.Subject)
13:05:52,546 DEBUG InjectionMetadata:71 - Registered injected element on class [com.semanticbits.shoaib.annotationapproach.autowiring.Student]: AutowiredMethodElement for public void com.semanticbits.shoaib.annotationapproach.autowiring.Student.setSecondYearSubject(com.semanticbits.shoaib.annotationapproach.autowiring.Subject)
13:05:52,546 DEBUG InjectionMetadata:71 - Registered injected element on class [com.semanticbits.shoaib.annotationapproach.autowiring.Student]: AutowiredMethodElement for public void com.semanticbits.shoaib.annotationapproach.autowiring.Student.setMyAddress(com.semanticbits.shoaib.annotationapproach.autowiring.Address)
13:05:52,547 DEBUG DefaultListableBeanFactory:509 - Eagerly caching bean 'student' to allow for resolving potential circular references
13:05:52,549 DEBUG InjectionMetadata:85 - Processing injected method of bean 'student': ResourceElement for private com.semanticbits.shoaib.annotationapproach.autowiring.Subject com.semanticbits.shoaib.annotationapproach.autowiring.Student.finalYearSubject
13:05:52,549 DEBUG DefaultListableBeanFactory:215 - Creating shared instance of singleton bean 'finalYearSubject'
13:05:52,549 DEBUG DefaultListableBeanFactory:435 - Creating instance of bean 'finalYearSubject'
13:05:52,550 DEBUG InjectionMetadata:71 - Registered injected element on class [com.semanticbits.shoaib.annotationapproach.autowiring.FinalYearSubject]: AutowiredFieldElement for private java.lang.String com.semanticbits.shoaib.annotationapproach.autowiring.FinalYearSubject.finalYearSubject
13:05:52,550 DEBUG DefaultListableBeanFactory:509 - Eagerly caching bean 'finalYearSubject' to allow for resolving potential circular references
13:05:52,552 DEBUG InjectionMetadata:85 - Processing injected method of bean 'finalYearSubject': AutowiredFieldElement for private java.lang.String com.semanticbits.shoaib.annotationapproach.autowiring.FinalYearSubject.finalYearSubject
13:05:52,552 DEBUG DefaultListableBeanFactory:463 - Finished creating instance of bean 'finalYearSubject'
13:05:52,552 DEBUG InjectionMetadata:85 - Processing injected method of bean 'student': AutowiredFieldElement for private java.util.List com.semanticbits.shoaib.annotationapproach.autowiring.Student.allSubjects
13:05:52,560 DEBUG GenericTypeResolver:151 - Resolving return type for [public com.semanticbits.shoaib.annotationapproach.autowiring.Subject com.semanticbits.shoaib.annotationapproach.autowiring.CommonYearSubjectFactory.getCommonYearSubjectFactory()] with concrete method arguments [{}].
13:05:52,561 DEBUG GenericTypeResolver:151 - Resolving return type for [public com.semanticbits.shoaib.annotationapproach.autowiring.Subject com.semanticbits.shoaib.annotationapproach.autowiring.CommonYearSubjectFactory.getCommonYearSubjectFactory()] with concrete method arguments [{}].
13:05:52,562 DEBUG DefaultListableBeanFactory:246 - Returning cached instance of singleton bean 'firstYearSubject'
13:05:52,562 DEBUG DefaultListableBeanFactory:246 - Returning cached instance of singleton bean 'secondYearSubject'
13:05:52,562 DEBUG DefaultListableBeanFactory:246 - Returning cached instance of singleton bean 'finalYearSubject'
13:05:52,563 DEBUG DefaultListableBeanFactory:215 - Creating shared instance of singleton bean 'thirdYearSubject'
13:05:52,563 DEBUG DefaultListableBeanFactory:435 - Creating instance of bean 'thirdYearSubject'
13:05:52,564 DEBUG InjectionMetadata:71 - Registered injected element on class [com.semanticbits.shoaib.annotationapproach.autowiring.ThirdYearSubject]: AutowiredFieldElement for private java.lang.String com.semanticbits.shoaib.annotationapproach.autowiring.ThirdYearSubject.thirdYearSubjectName
13:05:52,564 DEBUG DefaultListableBeanFactory:509 - Eagerly caching bean 'thirdYearSubject' to allow for resolving potential circular references
13:05:52,566 DEBUG InjectionMetadata:85 - Processing injected method of bean 'thirdYearSubject': AutowiredFieldElement for private java.lang.String com.semanticbits.shoaib.annotationapproach.autowiring.ThirdYearSubject.thirdYearSubjectName
13:05:52,566 DEBUG DefaultListableBeanFactory:463 - Finished creating instance of bean 'thirdYearSubject'
13:05:52,609 DEBUG DefaultListableBeanFactory:215 - Creating shared instance of singleton bean 'getCommonYearSubjectFactory'
13:05:52,610 DEBUG DefaultListableBeanFactory:435 - Creating instance of bean 'getCommonYearSubjectFactory'
13:05:52,610 DEBUG DefaultListableBeanFactory:215 - Creating shared instance of singleton bean 'commonYearSubjectFactory'
13:05:52,612 DEBUG DefaultListableBeanFactory:435 - Creating instance of bean 'commonYearSubjectFactory'
13:05:52,617 DEBUG DefaultListableBeanFactory:509 - Eagerly caching bean 'commonYearSubjectFactory' to allow for resolving potential circular references
13:05:52,619 DEBUG DefaultListableBeanFactory:463 - Finished creating instance of bean 'commonYearSubjectFactory'
13:05:52,635 DEBUG DefaultListableBeanFactory:509 - Eagerly caching bean 'getCommonYearSubjectFactory' to allow for resolving potential circular references
13:05:52,640 DEBUG DefaultListableBeanFactory:463 - Finished creating instance of bean 'getCommonYearSubjectFactory'
13:05:52,645 DEBUG StandardEnvironment:112 - Initializing new StandardEnvironment
13:05:52,645 DEBUG StandardEnvironment:107 - Adding [systemProperties] PropertySource with lowest search precedence
13:05:52,645 DEBUG StandardEnvironment:107 - Adding [systemEnvironment] PropertySource with lowest search precedence
13:05:52,646 DEBUG StandardEnvironment:116 - Initialized StandardEnvironment with PropertySources [systemProperties,systemEnvironment]
13:05:52,646 DEBUG StandardEnvironment:112 - Initializing new StandardEnvironment
13:05:52,646 DEBUG StandardEnvironment:107 - Adding [systemProperties] PropertySource with lowest search precedence
13:05:52,647 DEBUG StandardEnvironment:107 - Adding [systemEnvironment] PropertySource with lowest search precedence
13:05:52,647 DEBUG StandardEnvironment:116 - Initialized StandardEnvironment with PropertySources [systemProperties,systemEnvironment]
13:05:52,649 DEBUG StandardEnvironment:112 - Initializing new StandardEnvironment
13:05:52,649 DEBUG StandardEnvironment:107 - Adding [systemProperties] PropertySource with lowest search precedence
13:05:52,650 DEBUG StandardEnvironment:107 - Adding [systemEnvironment] PropertySource with lowest search precedence
13:05:52,650 DEBUG StandardEnvironment:116 - Initialized StandardEnvironment with PropertySources [systemProperties,systemEnvironment]
13:05:52,660 DEBUG StandardEnvironment:112 - Initializing new StandardEnvironment
13:05:52,660 DEBUG StandardEnvironment:107 - Adding [systemProperties] PropertySource with lowest search precedence
13:05:52,660 DEBUG StandardEnvironment:107 - Adding [systemEnvironment] PropertySource with lowest search precedence
13:05:52,661 DEBUG StandardEnvironment:116 - Initialized StandardEnvironment with PropertySources [systemProperties,systemEnvironment]
13:05:52,662 DEBUG StandardEnvironment:112 - Initializing new StandardEnvironment
13:05:52,662 DEBUG StandardEnvironment:107 - Adding [systemProperties] PropertySource with lowest search precedence
13:05:52,662 DEBUG StandardEnvironment:107 - Adding [systemEnvironment] PropertySource with lowest search precedence
13:05:52,662 DEBUG StandardEnvironment:116 - Initialized StandardEnvironment with PropertySources [systemProperties,systemEnvironment]
13:05:52,671 DEBUG AutowiredAnnotationBeanPostProcessor:433 - Autowiring by type from bean name 'student' to bean named 'firstYearSubject'
13:05:52,672 DEBUG AutowiredAnnotationBeanPostProcessor:433 - Autowiring by type from bean name 'student' to bean named 'secondYearSubject'
13:05:52,672 DEBUG AutowiredAnnotationBeanPostProcessor:433 - Autowiring by type from bean name 'student' to bean named 'finalYearSubject'
13:05:52,672 DEBUG AutowiredAnnotationBeanPostProcessor:433 - Autowiring by type from bean name 'student' to bean named 'thirdYearSubject'
13:05:52,672 DEBUG AutowiredAnnotationBeanPostProcessor:433 - Autowiring by type from bean name 'student' to bean named 'getCommonYearSubjectFactory'
13:05:52,673 DEBUG InjectionMetadata:85 - Processing injected method of bean 'student': AutowiredFieldElement for private com.semanticbits.shoaib.annotationapproach.autowiring.Subject com.semanticbits.shoaib.annotationapproach.autowiring.Student.firstYearSubject
13:05:52,675 DEBUG DefaultListableBeanFactory:246 - Returning cached instance of singleton bean 'firstYearSubject'
13:05:52,676 DEBUG AutowiredAnnotationBeanPostProcessor:433 - Autowiring by type from bean name 'student' to bean named 'firstYearSubject'
13:05:52,677 DEBUG InjectionMetadata:85 - Processing injected method of bean 'student': AutowiredFieldElement for private com.semanticbits.shoaib.annotationapproach.autowiring.Subject com.semanticbits.shoaib.annotationapproach.autowiring.Student.commonYearSubject
13:05:52,677 DEBUG DefaultListableBeanFactory:246 - Returning cached instance of singleton bean 'getCommonYearSubjectFactory'
13:05:52,678 DEBUG AutowiredAnnotationBeanPostProcessor:433 - Autowiring by type from bean name 'student' to bean named 'getCommonYearSubjectFactory'
13:05:52,678 DEBUG InjectionMetadata:85 - Processing injected method of bean 'student': AutowiredMethodElement for public void com.semanticbits.shoaib.annotationapproach.autowiring.Student.setThirdYearSubject(com.semanticbits.shoaib.annotationapproach.autowiring.Subject)
13:05:52,682 DEBUG DefaultListableBeanFactory:246 - Returning cached instance of singleton bean 'thirdYearSubject'
13:05:52,682 DEBUG AutowiredAnnotationBeanPostProcessor:433 - Autowiring by type from bean name 'student' to bean named 'thirdYearSubject'
13:05:52,682 DEBUG InjectionMetadata:85 - Processing injected method of bean 'student': AutowiredMethodElement for public void com.semanticbits.shoaib.annotationapproach.autowiring.Student.setSecondYearSubject(com.semanticbits.shoaib.annotationapproach.autowiring.Subject)
13:05:52,683 DEBUG DefaultListableBeanFactory:246 - Returning cached instance of singleton bean 'firstYearSubject'
13:05:52,683 DEBUG DefaultListableBeanFactory:246 - Returning cached instance of singleton bean 'secondYearSubject'
13:05:52,683 DEBUG DefaultListableBeanFactory:246 - Returning cached instance of singleton bean 'finalYearSubject'
13:05:52,683 DEBUG DefaultListableBeanFactory:246 - Returning cached instance of singleton bean 'thirdYearSubject'
13:05:52,684 DEBUG DefaultListableBeanFactory:246 - Returning cached instance of singleton bean 'getCommonYearSubjectFactory'
13:05:52,685 DEBUG AutowiredAnnotationBeanPostProcessor:433 - Autowiring by type from bean name 'student' to bean named 'secondYearSubject'
13:05:52,685 DEBUG InjectionMetadata:85 - Processing injected method of bean 'student': AutowiredMethodElement for public void com.semanticbits.shoaib.annotationapproach.autowiring.Student.setMyAddress(com.semanticbits.shoaib.annotationapproach.autowiring.Address)
13:05:52,685 DEBUG GenericTypeResolver:151 - Resolving return type for [public com.semanticbits.shoaib.annotationapproach.autowiring.Subject com.semanticbits.shoaib.annotationapproach.autowiring.CommonYearSubjectFactory.getCommonYearSubjectFactory()] with concrete method arguments [{}].
13:05:52,686 DEBUG DefaultListableBeanFactory:246 - Returning cached instance of singleton bean 'address'
13:05:52,686 DEBUG AutowiredAnnotationBeanPostProcessor:433 - Autowiring by type from bean name 'student' to bean named 'address'
13:05:52,688 DEBUG DefaultListableBeanFactory:463 - Finished creating instance of bean 'student'
13:05:52,688 DEBUG DefaultListableBeanFactory:246 - Returning cached instance of singleton bean 'finalYearSubject'
13:05:52,688 DEBUG DefaultListableBeanFactory:246 - Returning cached instance of singleton bean 'commonYearSubjectFactory'
13:05:52,688 DEBUG DefaultListableBeanFactory:246 - Returning cached instance of singleton bean 'thirdYearSubject'
13:05:52,688 DEBUG DefaultListableBeanFactory:246 - Returning cached instance of singleton bean 'org.springframework.context.annotation.internalConfigurationAnnotationProcessor'
13:05:52,688 DEBUG DefaultListableBeanFactory:246 - Returning cached instance of singleton bean 'org.springframework.context.annotation.internalAutowiredAnnotationProcessor'
13:05:52,692 DEBUG DefaultListableBeanFactory:246 - Returning cached instance of singleton bean 'org.springframework.context.annotation.internalRequiredAnnotationProcessor'
13:05:52,692 DEBUG DefaultListableBeanFactory:246 - Returning cached instance of singleton bean 'org.springframework.context.annotation.internalCommonAnnotationProcessor'
13:05:52,692 DEBUG DefaultListableBeanFactory:246 - Returning cached instance of singleton bean 'org.springframework.context.annotation.ConfigurationClassPostProcessor.importAwareProcessor'
13:05:52,692 DEBUG DefaultListableBeanFactory:246 - Returning cached instance of singleton bean 'getCommonYearSubjectFactory'
13:05:52,694 DEBUG ClassPathXmlApplicationContext:858 - Unable to locate LifecycleProcessor with name 'lifecycleProcessor': using default [org.springframework.context.support.DefaultLifecycleProcessor@4ac216]
13:05:52,694 DEBUG GenericTypeResolver:151 - Resolving return type for [public com.semanticbits.shoaib.annotationapproach.autowiring.Subject com.semanticbits.shoaib.annotationapproach.autowiring.CommonYearSubjectFactory.getCommonYearSubjectFactory()] with concrete method arguments [{}].
13:05:52,694 DEBUG DefaultListableBeanFactory:246 - Returning cached instance of singleton bean 'lifecycleProcessor'
13:05:52,696 DEBUG PropertySourcesPropertyResolver:70 - Searching for key 'spring.liveBeansView.mbeanDomain' in [systemProperties]
13:05:52,697 DEBUG PropertySourcesPropertyResolver:70 - Searching for key 'spring.liveBeansView.mbeanDomain' in [systemEnvironment]
13:05:52,699 DEBUG PropertySourcesPropertyResolver:93 - Could not find key 'spring.liveBeansView.mbeanDomain' in any property source. Returning [null]
13:05:52,699 DEBUG DefaultListableBeanFactory:246 - Returning cached instance of singleton bean 'student'
13:05:52,700 DEBUG Student:109 - com.semanticbits.shoaib.annotationapproach.autowiring.Student@b301f2
